  Framework.cpp
C:\Users\82103\Desktop\덕\Github\ABD_3DX\ABD_DirectX3D\ABD_first\Render\Texture\Texture.h(24,64): warning C4244: '인수': 'const size_t'에서 'float'(으)로 변환하면서 데이터가 손실될 수 있습니다.
C:\Users\82103\Desktop\덕\Github\ABD_3DX\ABD_DirectX3D\ABD_first\Render\Texture\Texture.h(24,37): warning C4244: '인수': 'const size_t'에서 'float'(으)로 변환하면서 데이터가 손실될 수 있습니다.
  Main.cpp
C:\Users\82103\Desktop\덕\Github\ABD_3DX\ABD_DirectX3D\ABD_first\Main.cpp(137,24): warning C4838: 'float'에서 'LONG'(으)로의 변환에는 축소 변환이 필요합니다.
C:\Users\82103\Desktop\덕\Github\ABD_3DX\ABD_DirectX3D\ABD_first\Main.cpp(137,24): warning C4244: '초기화 중': 'float'에서 'LONG'(으)로 변환하면서 데이터가 손실될 수 있습니다.
C:\Users\82103\Desktop\덕\Github\ABD_3DX\ABD_DirectX3D\ABD_first\Main.cpp(137,35): warning C4838: 'float'에서 'LONG'(으)로의 변환에는 축소 변환이 필요합니다.
C:\Users\82103\Desktop\덕\Github\ABD_3DX\ABD_DirectX3D\ABD_first\Main.cpp(137,35): warning C4244: '초기화 중': 'float'에서 'LONG'(으)로 변환하면서 데이터가 손실될 수 있습니다.
  Box.cpp
C:\Users\82103\Desktop\덕\Github\ABD_3DX\ABD_DirectX3D\ABD_first\Object\BasicObject\Box.cpp(116,30): warning C4267: '인수': 'size_t'에서 'UINT'(으)로 변환하면서 데이터가 손실될 수 있습니다.
C:\Users\82103\Desktop\덕\Github\ABD_3DX\ABD_DirectX3D\ABD_first\Render\Buffer\VertexBuffer.h(30,53): warning C4267: '=': 'size_t'에서 'UINT'(으)로 변환하면서 데이터가 손실될 수 있습니다.
C:\Users\82103\Desktop\덕\Github\ABD_3DX\ABD_DirectX3D\ABD_first\Render\Mesh.h(24,34): message : 컴파일되는 함수 템플릿 인스턴스화 'VertexBuffer::VertexBuffer<VertexTexture>(std::vector<VertexTexture,std::allocator<VertexTexture>> &)'에 대한 참조를 확인하세요.
C:\Users\82103\Desktop\덕\Github\ABD_3DX\ABD_DirectX3D\ABD_first\Object\BasicObject\Box.cpp(70,17): message : 컴파일되는 함수 템플릿 인스턴스화 'Mesh::Mesh<VertexTexture>(std::vector<VertexTexture,std::allocator<VertexTexture>> &,std::vector<UINT,std::allocator<UINT>> &)'에 대한 참조를 확인하세요.
  Cube.cpp
C:\Users\82103\Desktop\덕\Github\ABD_3DX\ABD_DirectX3D\ABD_first\Object\BasicObject\Cube.cpp(48,33): warning C4267: '인수': 'size_t'에서 'UINT'(으)로 변환하면서 데이터가 손실될 수 있습니다.
C:\Users\82103\Desktop\덕\Github\ABD_3DX\ABD_DirectX3D\ABD_first\Render\Buffer\VertexBuffer.h(30,53): warning C4267: '=': 'size_t'에서 'UINT'(으)로 변환하면서 데이터가 손실될 수 있습니다.
C:\Users\82103\Desktop\덕\Github\ABD_3DX\ABD_DirectX3D\ABD_first\Render\Mesh.h(24,34): message : 컴파일되는 함수 템플릿 인스턴스화 'VertexBuffer::VertexBuffer<VertexColor>(std::vector<VertexColor,std::allocator<VertexColor>> &)'에 대한 참조를 확인하세요.
C:\Users\82103\Desktop\덕\Github\ABD_3DX\ABD_DirectX3D\ABD_first\Object\BasicObject\Cube.cpp(119,20): message : 컴파일되는 함수 템플릿 인스턴스화 'Mesh::Mesh<VertexColor>(std::vector<VertexColor,std::allocator<VertexColor>> &,std::vector<UINT,std::allocator<UINT>> &)'에 대한 참조를 확인하세요.
  Quad.cpp
C:\Users\82103\Desktop\덕\Github\ABD_3DX\ABD_DirectX3D\ABD_first\Object\BasicObject\Quad.cpp(72,30): warning C4267: '인수': 'size_t'에서 'UINT'(으)로 변환하면서 데이터가 손실될 수 있습니다.
C:\Users\82103\Desktop\덕\Github\ABD_3DX\ABD_DirectX3D\ABD_first\Render\Buffer\VertexBuffer.h(30,53): warning C4267: '=': 'size_t'에서 'UINT'(으)로 변환하면서 데이터가 손실될 수 있습니다.
C:\Users\82103\Desktop\덕\Github\ABD_3DX\ABD_DirectX3D\ABD_first\Render\Mesh.h(24,34): message : 컴파일되는 함수 템플릿 인스턴스화 'VertexBuffer::VertexBuffer<VertexTexture>(std::vector<VertexTexture,std::allocator<VertexTexture>> &)'에 대한 참조를 확인하세요.
C:\Users\82103\Desktop\덕\Github\ABD_3DX\ABD_DirectX3D\ABD_first\Object\BasicObject\Quad.cpp(30,17): message : 컴파일되는 함수 템플릿 인스턴스화 'Mesh::Mesh<VertexTexture>(std::vector<VertexTexture,std::allocator<VertexTexture>> &,std::vector<UINT,std::allocator<UINT>> &)'에 대한 참조를 확인하세요.
  Robot.cpp
  TextureCube.cpp
  Terrain.cpp
C:\Users\82103\Desktop\덕\Github\ABD_3DX\ABD_DirectX3D\ABD_first\Object\LandScape\Terrain.cpp(38,30): warning C4267: '인수': 'size_t'에서 'UINT'(으)로 변환하면서 데이터가 손실될 수 있습니다.
C:\Users\82103\Desktop\덕\Github\ABD_3DX\ABD_DirectX3D\ABD_first\Object\LandScape\Terrain.cpp(48,30): warning C4244: '=': 'float'에서 'UINT'(으)로 변환하면서 데이터가 손실될 수 있습니다.
C:\Users\82103\Desktop\덕\Github\ABD_3DX\ABD_DirectX3D\ABD_first\Object\LandScape\Terrain.cpp(49,31): warning C4244: '=': 'float'에서 'UINT'(으)로 변환하면서 데이터가 손실될 수 있습니다.
C:\Users\82103\Desktop\덕\Github\ABD_3DX\ABD_DirectX3D\ABD_first\Object\LandScape\Terrain.cpp(68,15): warning C4244: '초기화 중': 'float'에서 'UINT'(으)로 변환하면서 데이터가 손실될 수 있습니다.
C:\Users\82103\Desktop\덕\Github\ABD_3DX\ABD_DirectX3D\ABD_first\Object\LandScape\Terrain.cpp(84,28): warning C4244: '인수': 'float'에서 '_Ty'(으)로 변환하면서 데이터가 손실될 수 있습니다.
          with
          [
              _Ty=UINT
          ]
C:\Users\82103\Desktop\덕\Github\ABD_3DX\ABD_DirectX3D\ABD_first\Object\LandScape\Terrain.cpp(85,28): warning C4244: '인수': 'float'에서 '_Ty'(으)로 변환하면서 데이터가 손실될 수 있습니다.
          with
          [
              _Ty=UINT
          ]
C:\Users\82103\Desktop\덕\Github\ABD_3DX\ABD_DirectX3D\ABD_first\Object\LandScape\Terrain.cpp(86,28): warning C4244: '인수': 'float'에서 '_Ty'(으)로 변환하면서 데이터가 손실될 수 있습니다.
          with
          [
              _Ty=UINT
          ]
C:\Users\82103\Desktop\덕\Github\ABD_3DX\ABD_DirectX3D\ABD_first\Object\LandScape\Terrain.cpp(89,28): warning C4244: '인수': 'float'에서 '_Ty'(으)로 변환하면서 데이터가 손실될 수 있습니다.
          with
          [
              _Ty=UINT
          ]
C:\Users\82103\Desktop\덕\Github\ABD_3DX\ABD_DirectX3D\ABD_first\Object\LandScape\Terrain.cpp(90,28): warning C4244: '인수': 'float'에서 '_Ty'(으)로 변환하면서 데이터가 손실될 수 있습니다.
          with
          [
              _Ty=UINT
          ]
C:\Users\82103\Desktop\덕\Github\ABD_3DX\ABD_DirectX3D\ABD_first\Object\LandScape\Terrain.cpp(91,28): warning C4244: '인수': 'float'에서 '_Ty'(으)로 변환하면서 데이터가 손실될 수 있습니다.
          with
          [
              _Ty=UINT
          ]
C:\Users\82103\Desktop\덕\Github\ABD_3DX\ABD_DirectX3D\ABD_first\Render\Buffer\VertexBuffer.h(30,53): warning C4267: '=': 'size_t'에서 'UINT'(으)로 변환하면서 데이터가 손실될 수 있습니다.
C:\Users\82103\Desktop\덕\Github\ABD_3DX\ABD_DirectX3D\ABD_first\Render\Mesh.h(24,34): message : 컴파일되는 함수 템플릿 인스턴스화 'VertexBuffer::VertexBuffer<VertexTextureNormal>(std::vector<VertexTextureNormal,std::allocator<VertexTextureNormal>> &)'에 대한 참조를 확인하세요.
C:\Users\82103\Desktop\덕\Github\ABD_3DX\ABD_DirectX3D\ABD_first\Object\LandScape\Terrain.cpp(22,17): message : 컴파일되는 함수 템플릿 인스턴스화 'Mesh::Mesh<VertexTextureNormal>(std::vector<VertexTextureNormal,std::allocator<VertexTextureNormal>> &,std::vector<UINT,std::allocator<UINT>> &)'에 대한 참조를 확인하세요.
  Transform.cpp
  Program.cpp
  ConstantBuffer.cpp
  IndexBuffer.cpp
C:\Users\82103\Desktop\덕\Github\ABD_3DX\ABD_DirectX3D\ABD_first\Render\Buffer\IndexBuffer.cpp(8,45): warning C4267: '=': 'size_t'에서 'UINT'(으)로 변환하면서 데이터가 손실될 수 있습니다.
  VertexBuffer.cpp
  Material.cpp
  Mesh.cpp
  PixelShader.cpp
  Shader.cpp
  VertexShader.cpp
C:\Users\82103\Desktop\덕\Github\ABD_3DX\ABD_DirectX3D\ABD_first\Render\Shader\VertexShader.cpp(110,26): warning C4267: '인수': 'size_t'에서 'UINT'(으)로 변환하면서 데이터가 손실될 수 있습니다.
  RasterizerState.cpp
  SamplerState.cpp
  StateManager.cpp
  코드를 생성하고 있습니다...
  컴파일하고 있습니다...
  Texture.cpp
C:\Users\82103\Desktop\덕\Github\ABD_3DX\ABD_DirectX3D\ABD_first\Render\Texture\Texture.cpp(78,12): warning C4244: '초기화 중': 'double'에서 'UINT'(으)로 변환하면서 데이터가 손실될 수 있습니다.
  BoxScene.cpp
  RobotScene.cpp
  TerrainScene.cpp
  TextureScene.cpp
  TutorialScene.cpp
  Camera.cpp
  Device.cpp
C:\Users\82103\Desktop\덕\Github\ABD_3DX\ABD_DirectX3D\ABD_first\System\Device.cpp(28,38): warning C4244: '=': 'float'에서 'UINT'(으)로 변환하면서 데이터가 손실될 수 있습니다.
C:\Users\82103\Desktop\덕\Github\ABD_3DX\ABD_DirectX3D\ABD_first\System\Device.cpp(29,39): warning C4244: '=': 'float'에서 'UINT'(으)로 변환하면서 데이터가 손실될 수 있습니다.
C:\Users\82103\Desktop\덕\Github\ABD_3DX\ABD_DirectX3D\ABD_first\System\Device.cpp(86,40): warning C4244: '=': 'float'에서 'UINT'(으)로 변환하면서 데이터가 손실될 수 있습니다.
C:\Users\82103\Desktop\덕\Github\ABD_3DX\ABD_DirectX3D\ABD_first\System\Device.cpp(87,40): warning C4244: '=': 'float'에서 'UINT'(으)로 변환하면서 데이터가 손실될 수 있습니다.
  Environment.cpp
  Keyboard.cpp
  Time.cpp
C:\Users\82103\Desktop\덕\Github\ABD_3DX\ABD_DirectX3D\ABD_first\Utility\Time.cpp(15,18): warning C4244: '=': 'double'에서 'float'(으)로 변환하면서 데이터가 손실될 수 있습니다.
  Vector3.cpp
  memo.cpp
  코드를 생성하고 있습니다...
DirectXTex.lib(DirectXTexImage.obj) : warning LNK4099: '' PDB를 'DirectXTex.lib(DirectXTexImage.obj)' 또는 ''에서 찾을 수 없습니다. 디버그 정보가 없는 것처럼 개체를 링크합니다.
DirectXTex.lib(DirectXTexWIC.obj) : warning LNK4099: '' PDB를 'DirectXTex.lib(DirectXTexWIC.obj)' 또는 ''에서 찾을 수 없습니다. 디버그 정보가 없는 것처럼 개체를 링크합니다.
DirectXTex.lib(DirectXTexD3D11.obj) : warning LNK4099: '' PDB를 'DirectXTex.lib(DirectXTexD3D11.obj)' 또는 ''에서 찾을 수 없습니다. 디버그 정보가 없는 것처럼 개체를 링크합니다.
DirectXTex.lib(DirectXTexUtil.obj) : warning LNK4099: '' PDB를 'DirectXTex.lib(DirectXTexUtil.obj)' 또는 ''에서 찾을 수 없습니다. 디버그 정보가 없는 것처럼 개체를 링크합니다.
DirectXTex.lib(DirectXTexConvert.obj) : warning LNK4099: '' PDB를 'DirectXTex.lib(DirectXTexConvert.obj)' 또는 ''에서 찾을 수 없습니다. 디버그 정보가 없는 것처럼 개체를 링크합니다.
DirectXTex.lib(DirectXTexCompress.obj) : warning LNK4099: '' PDB를 'DirectXTex.lib(DirectXTexCompress.obj)' 또는 ''에서 찾을 수 없습니다. 디버그 정보가 없는 것처럼 개체를 링크합니다.
DirectXTex.lib(DirectXTexMipMaps.obj) : warning LNK4099: '' PDB를 'DirectXTex.lib(DirectXTexMipMaps.obj)' 또는 ''에서 찾을 수 없습니다. 디버그 정보가 없는 것처럼 개체를 링크합니다.
DirectXTex.lib(BC.obj) : warning LNK4099: '' PDB를 'DirectXTex.lib(BC.obj)' 또는 ''에서 찾을 수 없습니다. 디버그 정보가 없는 것처럼 개체를 링크합니다.
DirectXTex.lib(BC4BC5.obj) : warning LNK4099: '' PDB를 'DirectXTex.lib(BC4BC5.obj)' 또는 ''에서 찾을 수 없습니다. 디버그 정보가 없는 것처럼 개체를 링크합니다.
DirectXTex.lib(BC6HBC7.obj) : warning LNK4099: '' PDB를 'DirectXTex.lib(BC6HBC7.obj)' 또는 ''에서 찾을 수 없습니다. 디버그 정보가 없는 것처럼 개체를 링크합니다.
  ABD_first.vcxproj -> C:\Users\82103\Desktop\덕\Github\ABD_3DX\ABD_DirectX3D\x64\Debug\ABD_first.exe
